# JRE version: OpenJDK Runtime Environment (8.0_242-b01) (build 1.8.0_242-release-1644-b01)
# Java VM: OpenJDK 64-Bit Server VM (25.242-b01 mixed mode windows-amd64 compressed oops)
Heap:
 PSYoungGen      total 295424K, used 113840K [0x00000000d5580000, 0x00000000e9f00000, 0x0000000100000000)
  eden space 265728K, 31% used [0x00000000d5580000,0x00000000da7b3860,0x00000000e5900000)
  from space 29696K, 99% used [0x00000000e6180000,0x00000000e7e78ac0,0x00000000e7e80000)
  to   space 33280K, 0% used [0x00000000e7e80000,0x00000000e7e80000,0x00000000e9f00000)
 ParOldGen       total 186880K, used 42642K [0x0000000080000000, 0x000000008b680000, 0x00000000d5580000)
  object space 186880K, 22% used [0x0000000080000000,0x00000000829a48a8,0x000000008b680000)
 Metaspace       used 85121K, capacity 89184K, committed 89432K, reserved 1126400K
  class space    used 11271K, capacity 12131K, committed 12160K, reserved 1048576K
GC Heap History (10 events):
Event: 6.865 GC heap before
{Heap before GC invocations=8 (full 2):
 PSYoungGen      total 170496K, used 163840K [0x00000000d5580000, 0x00000000e7a80000, 0x0000000100000000)
  eden space 163840K, 100% used [0x00000000d5580000,0x00000000df580000,0x00000000df580000)
  from space 6656K, 0% used [0x00000000df580000,0x00000000df580000,0x00000000dfc00000)
  to   space 16896K, 0% used [0x00000000e6a00000,0x00000000e6a00000,0x00000000e7a80000)
 ParOldGen       total 124416K, used 21108K [0x0000000080000000, 0x0000000087980000, 0x00000000d5580000)
  object space 124416K, 16% used [0x0000000080000000,0x000000008149d050,0x0000000087980000)
 Metaspace       used 41917K, capacity 43922K, committed 44120K, reserved 1087488K
  class space    used 5631K, capacity 6012K, committed 6016K, reserved 1048576K
Event: 6.880 GC heap after
Heap after GC invocations=8 (full 2):
 PSYoungGen      total 228352K, used 13804K [0x00000000d5580000, 0x00000000e7780000, 0x0000000100000000)
  eden space 214528K, 0% used [0x00000000d5580000,0x00000000d5580000,0x00000000e2700000)
  from space 13824K, 99% used [0x00000000e6a00000,0x00000000e777b210,0x00000000e7780000)
  to   space 18432K, 0% used [0x00000000e5380000,0x00000000e5380000,0x00000000e6580000)
 ParOldGen       total 124416K, used 21116K [0x0000000080000000, 0x0000000087980000, 0x00000000d5580000)
  object space 124416K, 16% used [0x0000000080000000,0x000000008149f050,0x0000000087980000)
 Metaspace       used 41917K, capacity 43922K, committed 44120K, reserved 1087488K
  class space    used 5631K, capacity 6012K, committed 6016K, reserved 1048576K
}
Event: 9.430 GC heap before
{Heap before GC invocations=9 (full 2):
 PSYoungGen      total 228352K, used 198618K [0x00000000d5580000, 0x00000000e7780000, 0x0000000100000000)
  eden space 214528K, 86% used [0x00000000d5580000,0x00000000e09fb8f0,0x00000000e2700000)
  from space 13824K, 99% used [0x00000000e6a00000,0x00000000e777b210,0x00000000e7780000)
  to   space 18432K, 0% used [0x00000000e5380000,0x00000000e5380000,0x00000000e6580000)
 ParOldGen       total 124416K, used 21116K [0x0000000080000000, 0x0000000087980000, 0x00000000d5580000)
  object space 124416K, 16% used [0x0000000080000000,0x000000008149f050,0x0000000087980000)
 Metaspace       used 56484K, capacity 58948K, committed 59028K, reserved 1099776K
  class space    used 7436K, capacity 7916K, committed 7936K, reserved 1048576K
Event: 9.453 GC heap after
Heap after GC invocations=9 (full 2):
 PSYoungGen      total 278528K, used 18401K [0x00000000d5580000, 0x00000000e9880000, 0x0000000100000000)
  eden space 260096K, 0% used [0x00000000d5580000,0x00000000d5580000,0x00000000e5380000)
  from space 18432K, 99% used [0x00000000e5380000,0x00000000e6578760,0x00000000e6580000)
  to   space 26624K, 0% used [0x00000000e7e80000,0x00000000e7e80000,0x00000000e9880000)
 ParOldGen       total 124416K, used 30684K [0x0000000080000000, 0x0000000087980000, 0x00000000d5580000)
  object space 124416K, 24% used [0x0000000080000000,0x0000000081df7358,0x0000000087980000)
 Metaspace       used 56484K, capacity 58948K, committed 59028K, reserved 1099776K
  class space    used 7436K, capacity 7916K, committed 7936K, reserved 1048576K
}
Event: 9.453 GC heap before
{Heap before GC invocations=10 (full 3):
 PSYoungGen      total 278528K, used 18401K [0x00000000d5580000, 0x00000000e9880000, 0x0000000100000000)
  eden space 260096K, 0% used [0x00000000d5580000,0x00000000d5580000,0x00000000e5380000)
  from space 18432K, 99% used [0x00000000e5380000,0x00000000e6578760,0x00000000e6580000)
  to   space 26624K, 0% used [0x00000000e7e80000,0x00000000e7e80000,0x00000000e9880000)
 ParOldGen       total 124416K, used 30684K [0x0000000080000000, 0x0000000087980000, 0x00000000d5580000)
  object space 124416K, 24% used [0x0000000080000000,0x0000000081df7358,0x0000000087980000)
 Metaspace       used 56484K, capacity 58948K, committed 59028K, reserved 1099776K
  class space    used 7436K, capacity 7916K, committed 7936K, reserved 1048576K
Event: 9.620 GC heap after
Heap after GC invocations=10 (full 3):
 PSYoungGen      total 278528K, used 0K [0x00000000d5580000, 0x00000000e9880000, 0x0000000100000000)
  eden space 260096K, 0% used [0x00000000d5580000,0x00000000d5580000,0x00000000e5380000)
  from space 18432K, 0% used [0x00000000e5380000,0x00000000e5380000,0x00000000e6580000)
  to   space 26624K, 0% used [0x00000000e7e80000,0x00000000e7e80000,0x00000000e9880000)
 ParOldGen       total 186880K, used 39586K [0x0000000080000000, 0x000000008b680000, 0x00000000d5580000)
  object space 186880K, 21% used [0x0000000080000000,0x00000000826a89c8,0x000000008b680000)
 Metaspace       used 56417K, capacity 58772K, committed 59028K, reserved 1099776K
  class space    used 7418K, capacity 7892K, committed 7936K, reserved 1048576K
}
Event: 13.065 GC heap before
{Heap before GC invocations=11 (full 3):
 PSYoungGen      total 278528K, used 260096K [0x00000000d5580000, 0x00000000e9880000, 0x0000000100000000)
  eden space 260096K, 100% used [0x00000000d5580000,0x00000000e5380000,0x00000000e5380000)
  from space 18432K, 0% used [0x00000000e5380000,0x00000000e5380000,0x00000000e6580000)
  to   space 26624K, 0% used [0x00000000e7e80000,0x00000000e7e80000,0x00000000e9880000)
 ParOldGen       total 186880K, used 39586K [0x0000000080000000, 0x000000008b680000, 0x00000000d5580000)
  object space 186880K, 21% used [0x0000000080000000,0x00000000826a89c8,0x000000008b680000)
 Metaspace       used 72941K, capacity 76244K, committed 76376K, reserved 1116160K
  class space    used 9976K, capacity 10619K, committed 10624K, reserved 1048576K
Event: 13.088 GC heap after
Heap after GC invocations=11 (full 3):
 PSYoungGen      total 301056K, used 23518K [0x00000000d5580000, 0x00000000ecc80000, 0x0000000100000000)
  eden space 274432K, 0% used [0x00000000d5580000,0x00000000d5580000,0x00000000e6180000)
  from space 26624K, 88% used [0x00000000e7e80000,0x00000000e9577920,0x00000000e9880000)
  to   space 29696K, 0% used [0x00000000e6180000,0x00000000e6180000,0x00000000e7e80000)
 ParOldGen       total 186880K, used 39594K [0x0000000080000000, 0x000000008b680000, 0x00000000d5580000)
  object space 186880K, 21% used [0x0000000080000000,0x00000000826aa9c8,0x000000008b680000)
 Metaspace       used 72941K, capacity 76244K, committed 76376K, reserved 1116160K
  class space    used 9976K, capacity 10619K, committed 10624K, reserved 1048576K
}
Event: 5350.501 GC heap before
{Heap before GC invocations=12 (full 3):
 PSYoungGen      total 301056K, used 297950K [0x00000000d5580000, 0x00000000ecc80000, 0x0000000100000000)
  eden space 274432K, 100% used [0x00000000d5580000,0x00000000e6180000,0x00000000e6180000)
  from space 26624K, 88% used [0x00000000e7e80000,0x00000000e9577920,0x00000000e9880000)
  to   space 29696K, 0% used [0x00000000e6180000,0x00000000e6180000,0x00000000e7e80000)
 ParOldGen       total 186880K, used 39594K [0x0000000080000000, 0x000000008b680000, 0x00000000d5580000)
  object space 186880K, 21% used [0x0000000080000000,0x00000000826aa9c8,0x000000008b680000)
 Metaspace       used 83918K, capacity 87940K, committed 88152K, reserved 1126400K
  class space    used 11145K, capacity 12045K, committed 12160K, reserved 1048576K
Event: 5350.719 GC heap after
Heap after GC invocations=12 (full 3):
 PSYoungGen      total 295424K, used 29666K [0x00000000d5580000, 0x00000000e9f00000, 0x0000000100000000)
  eden space 265728K, 0% used [0x00000000d5580000,0x00000000d5580000,0x00000000e5900000)
  from space 29696K, 99% used [0x00000000e6180000,0x00000000e7e78ac0,0x00000000e7e80000)
  to   space 33280K, 0% used [0x00000000e7e80000,0x00000000e7e80000,0x00000000e9f00000)
 ParOldGen       total 186880K, used 42642K [0x0000000080000000, 0x000000008b680000, 0x00000000d5580000)
  object space 186880K, 22% used [0x0000000080000000,0x00000000829a48a8,0x000000008b680000)
 Metaspace       used 83918K, capacity 87940K, committed 88152K, reserved 1126400K
  class space    used 11145K, capacity 12045K, committed 12160K, reserved 1048576K
}

